<?xml version="1.0" encoding="UTF-8"?>
<!-- Generated by org.testng.reporters.JUnitReportReporter -->
<testsuite hostname="LAPTOP-C3PMCVEI" name="com.itunesearchapi.com.rest.ITuneSearchTest" tests="9" failures="0" timestamp="2 Dec 2016 01:14:51 GMT" time="4.712" errors="0">
  <testcase name="testWithCountry" time="0.289" classname="com.itunesearchapi.com.rest.ITuneSearchTest"/>
  <testcase name="testWithCountryAndLimit" time="0.301" classname="com.itunesearchapi.com.rest.ITuneSearchTest"/>
  <testcase name="testWithLimit" time="0.330" classname="com.itunesearchapi.com.rest.ITuneSearchTest"/>
  <testcase name="testWithMediaAndCountry" time="0.290" classname="com.itunesearchapi.com.rest.ITuneSearchTest"/>
  <testcase name="testWithTerm" time="0.390" classname="com.itunesearchapi.com.rest.ITuneSearchTest"/>
  <testcase name="testWithMedia" time="0.243" classname="com.itunesearchapi.com.rest.ITuneSearchTest"/>
  <testcase name="searchWithNoTermValue" time="2.249" classname="com.itunesearchapi.com.rest.ITuneSearchTest"/>
  <testcase name="testWithMediaAndLimit" time="0.330" classname="com.itunesearchapi.com.rest.ITuneSearchTest"/>
  <testcase name="testWithMediaAndCountryAndLimit" time="0.290" classname="com.itunesearchapi.com.rest.ITuneSearchTest"/>
</testsuite> <!-- com.itunesearchapi.com.rest.ITuneSearchTest -->
